\BOOKMARK [0][-]{chapter.1}{Interazione\040radiazione-materia}{}% 1
\BOOKMARK [1][-]{section.1.1}{Radiazione}{chapter.1}% 2
\BOOKMARK [2][-]{subsection.1.1.1}{Equazioni\040di\040Maxwell}{section.1.1}% 3
\BOOKMARK [2][-]{subsection.1.1.2}{Spettro}{section.1.1}% 4
\BOOKMARK [1][-]{section.1.2}{Radiazione\040da\040carica\040accelerata}{chapter.1}% 5
\BOOKMARK [2][-]{subsection.1.2.1}{Radizione\040di\040ciclotrone}{section.1.2}% 6
\BOOKMARK [1][-]{section.1.3}{Scattering}{chapter.1}% 7
\BOOKMARK [2][-]{subsection.1.3.1}{Scattering\040Thomson}{section.1.3}% 8
\BOOKMARK [2][-]{subsection.1.3.2}{Scattering\040di\040Rayleigh}{section.1.3}% 9
\BOOKMARK [1][-]{section.1.4}{Bremsstrahlung}{chapter.1}% 10
\BOOKMARK [2][-]{subsection.1.4.1}{Bremsstrahlung\040termica}{section.1.4}% 11
\BOOKMARK [1][-]{section.1.5}{Trasporto\040radiativo}{chapter.1}% 12
\BOOKMARK [2][-]{subsection.1.5.1}{Emissione}{section.1.5}% 13
\BOOKMARK [2][-]{subsection.1.5.2}{Assorbimento}{section.1.5}% 14
\BOOKMARK [2][-]{subsection.1.5.3}{Equazione\040del\040trasporto\040radiativo}{section.1.5}% 15
\BOOKMARK [1][-]{section.1.6}{Radiazione\040termica}{chapter.1}% 16
\BOOKMARK [2][-]{subsection.1.6.1}{Radiazione\040di\040corpo\040nero}{section.1.6}% 17
\BOOKMARK [2][-]{subsection.1.6.2}{Coefficienti\040di\040Einstein}{section.1.6}% 18
\BOOKMARK [1][-]{section.1.7}{Approssimazione\040di\040Rosseland}{chapter.1}% 19
\BOOKMARK [1][-]{section.1.8}{Effetti\040relativistici\040ai\040processi\040radiativi}{chapter.1}% 20
\BOOKMARK [2][-]{subsection.1.8.1}{Relativit\340\040ristretta}{section.1.8}% 21
\BOOKMARK [2][-]{subsection.1.8.2}{Radiazione\040di\040sincrotrone}{section.1.8}% 22
\BOOKMARK [2][-]{subsection.1.8.3}{Scattering\040Compton}{section.1.8}% 23
\BOOKMARK [2][-]{subsection.1.8.4}{Scattering\040Compton\040inverso}{section.1.8}% 24
\BOOKMARK [0][-]{chapter.2}{Fluidodinamica}{}% 25
\BOOKMARK [1][-]{section.2.1}{Teorema\040del\040trasporto}{chapter.2}% 26
\BOOKMARK [2][-]{subsection.2.1.1}{Concetti\040di\040cinematica}{section.2.1}% 27
\BOOKMARK [2][-]{subsection.2.1.2}{Teorema\040di\040Reynolds}{section.2.1}% 28
\BOOKMARK [1][-]{section.2.2}{Equazioni\040fluidodinamiche}{chapter.2}% 29
\BOOKMARK [2][-]{subsection.2.2.1}{Equazione\040di\040Eulero}{section.2.2}% 30
\BOOKMARK [2][-]{subsection.2.2.2}{Equazione\040di\040stato\040e\040conservazione\040dell'energia}{section.2.2}% 31
\BOOKMARK [2][-]{subsection.2.2.3}{Equazione\040del\040trasporto}{section.2.2}% 32
\BOOKMARK [1][-]{section.2.3}{Equazioni\040di\040stato\040politropiche}{chapter.2}% 33
\BOOKMARK [1][-]{section.2.4}{Applicazioni\040delle\040equazioni\040fluidodinamiche}{chapter.2}% 34
\BOOKMARK [1][-]{section.2.5}{Sfere\040Politropiche}{chapter.2}% 35
\BOOKMARK [2][-]{subsection.2.5.1}{Relazione\040massa-raggio}{section.2.5}% 36
\BOOKMARK [2][-]{subsection.2.5.2}{Fluido\040isotermo}{section.2.5}% 37
\BOOKMARK [1][-]{section.2.6}{Perturbazioni}{chapter.2}% 38
\BOOKMARK [2][-]{subsection.2.6.1}{Perturbazioni\040lagrangiane\040ed\040euleriane}{section.2.6}% 39
\BOOKMARK [2][-]{subsection.2.6.2}{Le\040onde\040sonore}{section.2.6}% 40
\BOOKMARK [2][-]{subsection.2.6.3}{Onde\040sonore\040in\040un\040mezzo\040stratificato}{section.2.6}% 41
\BOOKMARK [1][-]{section.2.7}{Onde\040d'urto\040\(Shock\)}{chapter.2}% 42
\BOOKMARK [2][-]{subsection.2.7.1}{Shock\040adiabatico}{section.2.7}% 43
\BOOKMARK [2][-]{subsection.2.7.2}{Shock\040termici}{section.2.7}% 44
\BOOKMARK [1][-]{section.2.8}{Instabilit\340}{chapter.2}% 45
\BOOKMARK [2][-]{subsection.2.8.1}{Instabilit\340\040gravitazionale\040\(di\040Jeans\)}{section.2.8}% 46
\BOOKMARK [2][-]{subsection.2.8.2}{Instabilit\340\040in\040fluidi\040stratificati}{section.2.8}% 47
\BOOKMARK [2][-]{subsection.2.8.3}{Instabilit\340\040termica}{section.2.8}% 48
\BOOKMARK [1][-]{section.2.9}{Viscosit\340}{chapter.2}% 49
\BOOKMARK [2][-]{subsection.2.9.1}{Turbolenza}{section.2.9}% 50
\BOOKMARK [1][-]{section.2.10}{Accrescimento}{chapter.2}% 51
\BOOKMARK [0][-]{equation.2.10.250}{Bibliografia}{}% 52
